<?xml version="1.0" encoding="UTF-8"?>
<!-- Generated by org.testng.reporters.JUnitReportReporter -->
<testsuite hostname="Nanithan" failures="0" tests="1" name="sprint1.S10_31EditCase" time="54.440" errors="0" timestamp="2023-10-29T07:55:09 IST" skipped="0">
  <testcase classname="sprint1.S10_31EditCase" name="EditTask" time="54.440"/>
  <system-out/>
</testsuite> <!-- sprint1.S10_31EditCase -->
