<?xml version="1.0" encoding="UTF-8"?>
<!-- Generated by org.testng.reporters.JUnitReportReporter -->
<testsuite hostname="Nanithan" failures="0" tests="1" name="sprint1.S10_5Verifyoppurtunitessort" time="48.218" errors="0" timestamp="2023-10-29T08:33:00 IST" skipped="0">
  <testcase classname="sprint1.S10_5Verifyoppurtunitessort" name="VerifyOpportunities" time="48.218"/>
  <system-out/>
</testsuite> <!-- sprint1.S10_5Verifyoppurtunitessort -->
