<?xml version="1.0" encoding="UTF-8"?>
<!-- Generated by org.testng.reporters.JUnitReportReporter -->
<testsuite hostname="Nanithan" failures="0" tests="1" name="sprint1.S10_42VerifyAlertForWorkType" time="40.463" errors="0" timestamp="2023-10-28T15:55:39 IST" skipped="0">
  <testcase classname="sprint1.S10_42VerifyAlertForWorkType" name="MandatoryFieldForWorkType" time="40.463"/>
  <system-out/>
</testsuite> <!-- sprint1.S10_42VerifyAlertForWorkType -->
