<?xml version="1.0" encoding="UTF-8"?>
<!-- Generated by org.testng.reporters.JUnitReportReporter -->
<testsuite hostname="Nanithan" failures="0" tests="1" name="com.selenium.sprint1.S10_42VerifyAlertForWorkType" time="41.670" errors="0" timestamp="2023-10-29T13:15:29 IST" skipped="0">
  <testcase classname="com.selenium.sprint1.S10_42VerifyAlertForWorkType" name="MandatoryFieldForWorkType" time="41.670"/>
  <system-out/>
</testsuite> <!-- com.selenium.sprint1.S10_42VerifyAlertForWorkType -->
