<?xml version="1.0" encoding="UTF-8"?>
<!-- Generated by org.testng.reporters.JUnitReportReporter -->
<testsuite hostname="Nanithan" failures="0" tests="1" name="com.data.datamanagement.PassdatainDataProvider" time="0.006" errors="0" timestamp="2023-10-29T12:32:17 IST" skipped="0">
  <testcase classname="com.data.datamanagement.PassdatainDataProvider" name="testExcelData" time="0.006"/>
  <system-out/>
</testsuite> <!-- com.data.datamanagement.PassdatainDataProvider -->
