<?xml version="1.0" encoding="UTF-8"?>
<!-- Generated by org.testng.reporters.JUnitReportReporter -->
<testsuite hostname="Nanithan" failures="0" tests="1" name="testsuites.S10_44AdministratorCertifications" time="59.033" errors="0" timestamp="2023-11-28T18:40:41 IST" skipped="0">
  <testcase classname="testsuites.S10_44AdministratorCertifications" name="AdminCert" time="59.033"/>
  <system-out/>
</testsuite> <!-- testsuites.S10_44AdministratorCertifications -->
