<?xml version="1.0" encoding="UTF-8"?>
<!-- Generated by org.testng.reporters.JUnitReportReporter -->
<testsuite hostname="Nanithan" failures="0" tests="1" name="Test.login" time="6.353" errors="0" timestamp="2023-10-25T09:48:32 IST" skipped="0">
  <testcase classname="Test.login" name="launchbrowser" time="6.353"/>
  <system-out/>
</testsuite> <!-- Test.login -->
