<?xml version="1.0" encoding="UTF-8"?>
<!-- Generated by org.testng.reporters.JUnitReportReporter -->
<testsuite hostname="Nanithan" failures="0" tests="1" name="com.selenium.sprint1.S10_52servicesortorder" time="36.799" errors="0" timestamp="2023-10-29T14:03:14 IST" skipped="0">
  <testcase classname="com.selenium.sprint1.S10_52servicesortorder" name="ServicesSort" time="36.799"/>
  <system-out/>
</testsuite> <!-- com.selenium.sprint1.S10_52servicesortorder -->
