<?xml version="1.0" encoding="UTF-8"?>
<!-- Generated by org.testng.reporters.JUnitReportReporter -->
<testsuite hostname="Nanithan" failures="0" tests="1" name="basic.login" time="0.007" errors="0" timestamp="2023-10-28T10:57:42 IST" skipped="0">
  <testcase classname="basic.login" name="Login" time="0.007"/>
  <system-out/>
</testsuite> <!-- basic.login -->
